0 info it worked if it ends with ok
1 verbose cli [ 'C:\\Program Files\\nodejs\\node.exe',
1 verbose cli   'C:\\Users\\Ryan Taus\\AppData\\Roaming\\npm\\node_modules\\npm\\bin\\npm-cli.js',
1 verbose cli   'start' ]
2 info using npm@4.1.1
3 info using node@v6.9.5
4 verbose run-script [ 'prestart', 'start', 'poststart' ]
5 info lifecycle visualjs@0.0.1~prestart: visualjs@0.0.1
6 silly lifecycle visualjs@0.0.1~prestart: no script for prestart, continuing
7 info lifecycle visualjs@0.0.1~start: visualjs@0.0.1
8 verbose lifecycle visualjs@0.0.1~start: unsafe-perm in lifecycle true
9 verbose lifecycle visualjs@0.0.1~start: PATH: C:\Users\Ryan Taus\AppData\Roaming\npm\node_modules\npm\bin\node-gyp-bin;C:\Users\Ryan Taus\Documents\repos\visualjs\node_modules\.bin;C:\tools\ruby24\bin;C:\Python35\Scripts\;C:\Python35\;C:\tools\ruby21\bin;C:\ProgramData\Oracle\Java\javapath;C:\Program Files (x86)\Intel\iCLS Client\;C:\Program Files\Intel\iCLS Client\;C:\Windows\system32;C:\Windows;C:\Windows\System32\Wbem;C:\Windows\System32\WindowsPowerShell\v1.0\;C:\Program Files (x86)\Intel\Intel(R) Management Engine Components\DAL;C:\Program Files\Intel\Intel(R) Management Engine Components\DAL;C:\Program Files (x86)\Intel\Intel(R) Management Engine Components\IPT;C:\Program Files\Intel\Intel(R) Management Engine Components\IPT;C:\Program Files (x86)\NVIDIA Corporation\PhysX\Common;C:\Program Files\Java\jdk1.8.0_101\bin;C:\Program Files\Git\cmd;C:\ProgramData\chocolatey\bin;C:\WINDOWS\system32;C:\WINDOWS;C:\WINDOWS\System32\Wbem;C:\WINDOWS\System32\WindowsPowerShell\v1.0\;C:\Program Files (x86)\GtkSharp\2.12\bin;C:\Program Files\nodejs\;C:\Users\Ryan Taus\AppData\Local\Programs\Python\Python35-32\Scripts\;C:\Users\Ryan Taus\AppData\Local\Programs\Python\Python35-32\;C:\Users\Ryan Taus\AppData\Local\atom\bin;C:\Users\Ryan Taus\AppData\Local\Microsoft\WindowsApps;C:\Python27;C:\Program Files\nodejs;C:\Users\Ryan Taus\AppData\Roaming\npm;C:\Program Files (x86)\Google\google_appengine\;
10 verbose lifecycle visualjs@0.0.1~start: CWD: C:\Users\Ryan Taus\Documents\repos\visualjs
11 silly lifecycle visualjs@0.0.1~start: Args: [ '/d /s /c', 'npm run-script build && npm run-script run' ]
12 silly lifecycle visualjs@0.0.1~start: Returned: code: 1  signal: null
13 info lifecycle visualjs@0.0.1~start: Failed to exec start script
14 verbose stack Error: visualjs@0.0.1 start: `npm run-script build && npm run-script run`
14 verbose stack Exit status 1
14 verbose stack     at EventEmitter.<anonymous> (C:\Users\Ryan Taus\AppData\Roaming\npm\node_modules\npm\lib\utils\lifecycle.js:279:16)
14 verbose stack     at emitTwo (events.js:106:13)
14 verbose stack     at EventEmitter.emit (events.js:191:7)
14 verbose stack     at ChildProcess.<anonymous> (C:\Users\Ryan Taus\AppData\Roaming\npm\node_modules\npm\lib\utils\spawn.js:40:14)
14 verbose stack     at emitTwo (events.js:106:13)
14 verbose stack     at ChildProcess.emit (events.js:191:7)
14 verbose stack     at maybeClose (internal/child_process.js:877:16)
14 verbose stack     at Process.ChildProcess._handle.onexit (internal/child_process.js:226:5)
15 verbose pkgid visualjs@0.0.1
16 verbose cwd C:\Users\Ryan Taus\Documents\repos\visualjs
17 error Windows_NT 10.0.16299
18 error argv "C:\\Program Files\\nodejs\\node.exe" "C:\\Users\\Ryan Taus\\AppData\\Roaming\\npm\\node_modules\\npm\\bin\\npm-cli.js" "start"
19 error node v6.9.5
20 error npm  v4.1.1
21 error code ELIFECYCLE
22 error visualjs@0.0.1 start: `npm run-script build && npm run-script run`
22 error Exit status 1
23 error Failed at the visualjs@0.0.1 start script 'npm run-script build && npm run-script run'.
23 error Make sure you have the latest version of node.js and npm installed.
23 error If you do, this is most likely a problem with the visualjs package,
23 error not with npm itself.
23 error Tell the author that this fails on your system:
23 error     npm run-script build && npm run-script run
23 error You can get information on how to open an issue for this project with:
23 error     npm bugs visualjs
23 error Or if that isn't available, you can get their info via:
23 error     npm owner ls visualjs
23 error There is likely additional logging output above.
24 verbose exit [ 1, true ]
