Arguments: 
  /usr/bin/node /usr/share/yarn/bin/yarn.js add --save react-draggable

PATH: 
  /usr/local/sbin:/usr/local/bin:/usr/sbin:/usr/bin:/sbin:/bin:/snap/bin

Yarn version: 
  1.5.1

Node version: 
  8.10.0

Platform: 
  linux x64

npm manifest: 
  {
    "name": "visualjs",
    "version": "0.0.1",
    "description": "visual scripting service for js",
    "main": "src/index.js",
    "dependencies": {
      "circular-json": "^0.5.1",
      "d3": "^4.12.0",
      "electron": "1.7.11",
      "flexboxgrid": "^6.3.1",
      "graphik": "^0.1.0",
      "js-beautify": "^1.7.5",
      "react-draggable": "^3.0.5",
      "uglify-js": "^3.3.11"
    },
    "devDependencies": {
      "eslint": "^4.13.1",
      "eslint-config-airbnb-base": "^12.1.0",
      "eslint-plugin-import": "^2.8.0",
      "mocha": "^5.0.0"
    },
    "scripts": {
      "test": "mocha tests",
      "start": "./node_modules/.bin/electron ."
    },
    "repository": {
      "type": "git",
      "url": "git+https://github.com/RyTaus/visualjs.git"
    },
    "author": "RyTaus",
    "license": "MIT",
    "bugs": {
      "url": "https://github.com/RyTaus/visualjs/issues"
    },
    "homepage": "https://github.com/RyTaus/visualjs#readme"
  }

yarn manifest: 
  No manifest

Lockfile: 
  No lockfile

Trace: 
  Error: Missing list of packages to add to your project.
      at new MessageError (/usr/share/yarn/lib/cli.js:186:110)
      at Object.<anonymous> (/usr/share/yarn/lib/cli.js:40587:13)
      at Generator.next (<anonymous>)
      at step (/usr/share/yarn/lib/cli.js:98:30)
      at /usr/share/yarn/lib/cli.js:116:14
      at new Promise (<anonymous>)
      at new F (/usr/share/yarn/lib/cli.js:23451:28)
      at Object.<anonymous> (/usr/share/yarn/lib/cli.js:95:12)
      at Object.run (/usr/share/yarn/lib/cli.js:40599:19)
      at run (/usr/share/yarn/lib/cli.js:89113:20)
